<?xml version="1.0" encoding="UTF-8"?>
<testsuite xmlns:xsi="http://www.w3.org/2001/XMLSchema-instance" xsi:noNamespaceSchemaLocation="https://maven.apache.org/surefire/maven-surefire-plugin/xsd/surefire-test-report.xsd" name="TestSuite" time="0.605" tests="17" errors="0" skipped="0" failures="0">
  <properties>
    <property name="sun.desktop" value="windows"/>
    <property name="awt.toolkit" value="sun.awt.windows.WToolkit"/>
    <property name="file.encoding.pkg" value="sun.io"/>
    <property name="java.specification.version" value="1.8"/>
    <property name="sun.cpu.isalist" value="amd64"/>
    <property name="sun.jnu.encoding" value="Cp1251"/>
    <property name="java.class.path" value="C:\Learning\Lesson4\AMT2018\JavaATM2018\target\test-classes;C:\Learning\Lesson4\AMT2018\JavaATM2018\target\classes;C:\Users\hanna_kyrylenko\.m2\repository\junit\junit\4.11\junit-4.11.jar;C:\Users\hanna_kyrylenko\.m2\repository\org\hamcrest\hamcrest-core\1.3\hamcrest-core-1.3.jar;C:\Users\hanna_kyrylenko\.m2\repository\log4j\log4j\1.2.17\log4j-1.2.17.jar;C:\Users\hanna_kyrylenko\.m2\repository\commons-logging\commons-logging\1.2\commons-logging-1.2.jar;C:\Users\hanna_kyrylenko\.m2\repository\org\slf4j\slf4j-api\1.7.25\slf4j-api-1.7.25.jar;C:\Users\hanna_kyrylenko\.m2\repository\org\testng\testng\6.7\testng-6.7.jar;C:\Users\hanna_kyrylenko\.m2\repository\org\beanshell\bsh\2.0b4\bsh-2.0b4.jar;C:\Users\hanna_kyrylenko\.m2\repository\com\beust\jcommander\1.12\jcommander-1.12.jar;C:\Users\hanna_kyrylenko\.m2\repository\org\yaml\snakeyaml\1.6\snakeyaml-1.6.jar;C:\Users\hanna_kyrylenko\.m2\repository\org\apache\maven\surefire\surefire-testng-utils\2.20.1\surefire-testng-utils-2.20.1.jar;C:\Users\hanna_kyrylenko\.m2\repository\org\apache\maven\surefire\surefire-grouper\2.20.1\surefire-grouper-2.20.1.jar;"/>
    <property name="java.vm.vendor" value="Oracle Corporation"/>
    <property name="sun.arch.data.model" value="64"/>
    <property name="user.variant" value=""/>
    <property name="java.vendor.url" value="http://java.oracle.com/"/>
    <property name="user.timezone" value=""/>
    <property name="java.vm.specification.version" value="1.8"/>
    <property name="os.name" value="Windows 10"/>
    <property name="user.country" value="US"/>
    <property name="sun.java.launcher" value="SUN_STANDARD"/>
    <property name="sun.boot.library.path" value="C:\Program Files\Java\jdk1.8.0_121\jre\bin"/>
    <property name="sun.java.command" value="C:\Users\HANNA_~1\AppData\Local\Temp\surefire4017257929171767358\surefirebooter1475082791567511352.jar C:\Users\hanna_kyrylenko\AppData\Local\Temp\surefire4017257929171767358 2021-04-27T08-12-40_794-jvmRun1 surefire3820438937343173515tmp surefire_02925559708974661143tmp"/>
    <property name="surefire.test.class.path" value="C:\Learning\Lesson4\AMT2018\JavaATM2018\target\test-classes;C:\Learning\Lesson4\AMT2018\JavaATM2018\target\classes;C:\Users\hanna_kyrylenko\.m2\repository\junit\junit\4.11\junit-4.11.jar;C:\Users\hanna_kyrylenko\.m2\repository\org\hamcrest\hamcrest-core\1.3\hamcrest-core-1.3.jar;C:\Users\hanna_kyrylenko\.m2\repository\log4j\log4j\1.2.17\log4j-1.2.17.jar;C:\Users\hanna_kyrylenko\.m2\repository\commons-logging\commons-logging\1.2\commons-logging-1.2.jar;C:\Users\hanna_kyrylenko\.m2\repository\org\slf4j\slf4j-api\1.7.25\slf4j-api-1.7.25.jar;C:\Users\hanna_kyrylenko\.m2\repository\org\testng\testng\6.7\testng-6.7.jar;C:\Users\hanna_kyrylenko\.m2\repository\org\beanshell\bsh\2.0b4\bsh-2.0b4.jar;C:\Users\hanna_kyrylenko\.m2\repository\com\beust\jcommander\1.12\jcommander-1.12.jar;C:\Users\hanna_kyrylenko\.m2\repository\org\yaml\snakeyaml\1.6\snakeyaml-1.6.jar;C:\Users\hanna_kyrylenko\.m2\repository\org\apache\maven\surefire\surefire-testng-utils\2.20.1\surefire-testng-utils-2.20.1.jar;C:\Users\hanna_kyrylenko\.m2\repository\org\apache\maven\surefire\surefire-grouper\2.20.1\surefire-grouper-2.20.1.jar;"/>
    <property name="sun.cpu.endian" value="little"/>
    <property name="user.home" value="C:\Users\hanna_kyrylenko"/>
    <property name="user.language" value="en"/>
    <property name="java.specification.vendor" value="Oracle Corporation"/>
    <property name="java.home" value="C:\Program Files\Java\jdk1.8.0_121\jre"/>
    <property name="basedir" value="C:\Learning\Lesson4\AMT2018\JavaATM2018"/>
    <property name="file.separator" value="\"/>
    <property name="line.separator" value="&#10;"/>
    <property name="java.vm.specification.vendor" value="Oracle Corporation"/>
    <property name="java.specification.name" value="Java Platform API Specification"/>
    <property name="java.awt.graphicsenv" value="sun.awt.Win32GraphicsEnvironment"/>
    <property name="surefire.real.class.path" value="C:\Users\HANNA_~1\AppData\Local\Temp\surefire4017257929171767358\surefirebooter1475082791567511352.jar"/>
    <property name="sun.boot.class.path" value="C:\Program Files\Java\jdk1.8.0_121\jre\lib\resources.jar;C:\Program Files\Java\jdk1.8.0_121\jre\lib\rt.jar;C:\Program Files\Java\jdk1.8.0_121\jre\lib\sunrsasign.jar;C:\Program Files\Java\jdk1.8.0_121\jre\lib\jsse.jar;C:\Program Files\Java\jdk1.8.0_121\jre\lib\jce.jar;C:\Program Files\Java\jdk1.8.0_121\jre\lib\charsets.jar;C:\Program Files\Java\jdk1.8.0_121\jre\lib\jfr.jar;C:\Program Files\Java\jdk1.8.0_121\jre\classes"/>
    <property name="user.script" value=""/>
    <property name="sun.management.compiler" value="HotSpot 64-Bit Tiered Compilers"/>
    <property name="java.runtime.version" value="1.8.0_121-b13"/>
    <property name="user.name" value="Hanna_Kyrylenko"/>
    <property name="path.separator" value=";"/>
    <property name="os.version" value="10.0"/>
    <property name="java.endorsed.dirs" value="C:\Program Files\Java\jdk1.8.0_121\jre\lib\endorsed"/>
    <property name="java.runtime.name" value="Java(TM) SE Runtime Environment"/>
    <property name="file.encoding" value="Cp1251"/>
    <property name="java.vm.name" value="Java HotSpot(TM) 64-Bit Server VM"/>
    <property name="localRepository" value="C:\Users\hanna_kyrylenko\.m2\repository"/>
    <property name="java.vendor.url.bug" value="http://bugreport.sun.com/bugreport/"/>
    <property name="java.io.tmpdir" value="C:\Users\HANNA_~1\AppData\Local\Temp\"/>
    <property name="java.version" value="1.8.0_121"/>
    <property name="user.dir" value="C:\Learning\Lesson4\AMT2018\JavaATM2018"/>
    <property name="os.arch" value="amd64"/>
    <property name="java.vm.specification.name" value="Java Virtual Machine Specification"/>
    <property name="java.awt.printerjob" value="sun.awt.windows.WPrinterJob"/>
    <property name="sun.os.patch.level" value=""/>
    <property name="idea.version2019.3.5" value="true"/>
    <property name="java.library.path" value="C:\Program Files\Java\jdk1.8.0_121\jre\bin;C:\WINDOWS\Sun\Java\bin;C:\WINDOWS\system32;C:\WINDOWS;C:\Program Files (x86)\VMware\VMware Workstation\bin\;C:\Program Files\Common Files\Oracle\Java\javapath;C:\WINDOWS\system32;C:\WINDOWS;C:\WINDOWS\System32\Wbem;C:\WINDOWS\System32\WindowsPowerShell\v1.0\;C:\WINDOWS\System32\OpenSSH\;C:\Program Files\MariaDB 10.5\bin\;C:\Program Files\Java\jdk-11.0.10\bin;C:\CTCO3\Tools\gradle-6.3\bin;C:\Applications\selenium-java-3.141.59\libs;C:\Users\hanna_kyrylenko\AppData\Local\Microsoft\WindowsApps;C:\Program Files\JetBrains\IntelliJ IDEA Community Edition 2019.3.5\bin;;;."/>
    <property name="java.vm.info" value="mixed mode"/>
    <property name="java.vendor" value="Oracle Corporation"/>
    <property name="java.vm.version" value="25.121-b13"/>
    <property name="java.ext.dirs" value="C:\Program Files\Java\jdk1.8.0_121\jre\lib\ext;C:\WINDOWS\Sun\Java\lib\ext"/>
    <property name="sun.io.unicode.encoding" value="UnicodeLittle"/>
    <property name="java.class.version" value="52.0"/>
  </properties>
  <testcase name="test1" classname="TestArchive.TestArchive" time="0.011"/>
  <testcase name="test11" classname="TestArchive.TestArchive" time="0"/>
  <testcase name="test12" classname="TestArchive.TestArchive" time="0"/>
  <testcase name="test13" classname="TestArchive.TestArchive" time="0"/>
  <testcase name="test14" classname="TestArchive.TestArchive" time="0"/>
  <testcase name="test15" classname="TestArchive.TestArchive" time="0"/>
  <testcase name="test16" classname="TestArchive.TestArchive" time="0"/>
  <testcase name="test17" classname="TestArchive.TestArchive" time="0"/>
  <testcase name="test18" classname="TestArchive.TestArchive" time="0"/>
  <testcase name="test19" classname="TestArchive.TestArchive" time="0"/>
  <testcase name="test2" classname="TestArchive.TestArchive" time="0"/>
  <testcase name="test3" classname="TestArchive.TestArchive" time="0"/>
  <testcase name="test4" classname="TestArchive.TestArchive" time="0"/>
  <testcase name="test5" classname="TestArchive.TestArchive" time="0"/>
  <testcase name="test6" classname="TestArchive.TestArchive" time="0"/>
  <testcase name="test7" classname="TestArchive.TestArchive" time="0"/>
  <testcase name="test8" classname="TestArchive.TestArchive" time="0"/>
</testsuite>