<?xml version="1.0" encoding="UTF-8"?>
<!-- Generated by org.testng.reporters.JUnitReportReporter -->
<testsuite hostname="EPUAKYIW3744" name="TestArchive.TestArchive" tests="17" failures="0" timestamp="27 Apr 2021 05:12:41 GMT" time="0.015" errors="0">
  <testcase name="test15" time="0.000" classname="TestArchive.TestArchive"/>
  <testcase name="test3" time="0.000" classname="TestArchive.TestArchive"/>
  <testcase name="test11" time="0.000" classname="TestArchive.TestArchive"/>
  <testcase name="test12" time="0.000" classname="TestArchive.TestArchive"/>
  <testcase name="test18" time="0.000" classname="TestArchive.TestArchive"/>
  <testcase name="test4" time="0.001" classname="TestArchive.TestArchive"/>
  <testcase name="test13" time="0.000" classname="TestArchive.TestArchive"/>
  <testcase name="test19" time="0.000" classname="TestArchive.TestArchive"/>
  <testcase name="test17" time="0.000" classname="TestArchive.TestArchive"/>
  <testcase name="test6" time="0.000" classname="TestArchive.TestArchive"/>
  <testcase name="test1" time="0.011" classname="TestArchive.TestArchive"/>
  <testcase name="test7" time="0.001" classname="TestArchive.TestArchive"/>
  <testcase name="test5" time="0.000" classname="TestArchive.TestArchive"/>
  <testcase name="test2" time="0.001" classname="TestArchive.TestArchive"/>
  <testcase name="test14" time="0.000" classname="TestArchive.TestArchive"/>
  <testcase name="test16" time="0.001" classname="TestArchive.TestArchive"/>
  <testcase name="test8" time="0.000" classname="TestArchive.TestArchive"/>
</testsuite> <!-- TestArchive.TestArchive -->
